INFO 2024-04-01 07:09:28,278 Watching for file changes with StatReloader
INFO 2024-04-01 07:09:30,437 "GET / HTTP/1.1" 302 0
INFO 2024-04-01 07:09:30,495 "GET /accounts/login/?next=/ HTTP/1.1" 200 3981
WARNING 2024-04-01 07:09:31,636 Not Found: /favicon.ico
WARNING 2024-04-01 07:09:31,637 "GET /favicon.ico HTTP/1.1" 404 6202
INFO 2024-04-01 07:09:36,494 "POST /accounts/login/ HTTP/1.1" 302 0
INFO 2024-04-01 07:09:36,531 "GET / HTTP/1.1" 200 8702
INFO 2024-04-01 07:09:40,267 "GET /staff/list/ HTTP/1.1" 200 9562
INFO 2024-04-01 07:09:43,140 "GET /subject/list/ HTTP/1.1" 200 11225
INFO 2024-04-01 07:09:49,794 "POST /subject/create/ HTTP/1.1" 200 9838
INFO 2024-04-01 07:09:54,114 "POST /subject/create/ HTTP/1.1" 302 0
INFO 2024-04-01 07:09:54,139 "GET /subject/list/ HTTP/1.1" 200 11698
INFO 2024-04-01 07:12:36,321 /Users/arnavgupta/Desktop/itl/ITTL/apps/corecode/views.py changed, reloading.
INFO 2024-04-01 07:12:37,251 Watching for file changes with StatReloader
INFO 2024-04-01 07:12:42,817 "GET /subject/list/ HTTP/1.1" 200 11553
INFO 2024-04-01 07:12:45,581 "POST /subject/create/ HTTP/1.1" 200 9853
INFO 2024-04-01 07:12:50,545 "POST /subject/create/ HTTP/1.1" 200 9883
INFO 2024-04-01 07:12:56,346 "POST /subject/create/ HTTP/1.1" 302 0
INFO 2024-04-01 07:12:56,374 "GET /subject/list/ HTTP/1.1" 200 12027
INFO 2024-04-01 07:13:08,457 /Users/arnavgupta/Desktop/itl/ITTL/apps/corecode/views.py changed, reloading.
INFO 2024-04-01 07:13:09,459 Watching for file changes with StatReloader
INFO 2024-04-01 07:13:11,474 "POST /subject/create/ HTTP/1.1" 200 9838
INFO 2024-04-01 07:13:14,346 "POST /subject/create/ HTTP/1.1" 302 0
INFO 2024-04-01 07:13:14,372 "GET /subject/list/ HTTP/1.1" 200 12353
INFO 2024-04-01 07:18:36,693 "GET /subject/list/ HTTP/1.1" 200 12208
INFO 2024-04-01 07:18:37,889 "GET /subject/list/ HTTP/1.1" 200 12208
INFO 2024-04-01 07:18:40,883 "POST /subject/create/ HTTP/1.1" 200 9838
INFO 2024-04-01 07:18:44,349 "POST /subject/create/ HTTP/1.1" 302 0
INFO 2024-04-01 07:18:44,375 "GET /subject/list/ HTTP/1.1" 200 12678
INFO 2024-04-01 07:19:44,449 "GET /subject/list/ HTTP/1.1" 200 12533
INFO 2024-04-01 07:19:45,464 "GET /subject/list/ HTTP/1.1" 200 12533
INFO 2024-04-01 07:19:46,070 "GET /subject/list/ HTTP/1.1" 200 12533
INFO 2024-04-01 07:24:17,637 "GET /subject/list/ HTTP/1.1" 200 12557
INFO 2024-04-01 07:24:26,743 "POST /subject/create/ HTTP/1.1" 200 9838
INFO 2024-04-01 07:24:28,931 "POST /subject/create/ HTTP/1.1" 302 0
INFO 2024-04-01 07:24:28,954 "GET /subject/list/ HTTP/1.1" 200 13032
INFO 2024-04-01 07:24:45,572 "GET /subject/list/ HTTP/1.1" 200 12859
INFO 2024-04-01 07:24:53,433 "GET /subject/list/ HTTP/1.1" 200 12859
INFO 2024-04-01 07:24:54,516 "GET /subject/list/ HTTP/1.1" 200 12859
INFO 2024-04-01 07:25:03,431 "GET /subject/list/ HTTP/1.1" 200 12859
INFO 2024-04-01 07:25:08,887 "GET /subject/list/ HTTP/1.1" 200 12887
INFO 2024-04-01 07:25:46,537 "GET /subject/list/ HTTP/1.1" 200 13589
INFO 2024-04-01 07:25:47,977 "GET /subject/list/ HTTP/1.1" 200 13589
INFO 2024-04-01 07:26:41,152 "POST /subject/create/ HTTP/1.1" 200 9838
INFO 2024-04-01 07:28:13,290 /Users/arnavgupta/Desktop/itl/ITTL/apps/corecode/views.py changed, reloading.
INFO 2024-04-01 07:28:14,351 Watching for file changes with StatReloader
INFO 2024-04-01 07:28:18,938 "POST /subject/create/ HTTP/1.1" 200 9853
INFO 2024-04-01 07:28:23,518 "POST /subject/create/ HTTP/1.1" 200 9879
ERROR 2024-04-01 07:28:27,521 Internal Server Error: /subject/create/
Traceback (most recent call last):
  File "/Library/Frameworks/Python.framework/Versions/3.9/lib/python3.9/site-packages/django/core/handlers/exception.py", line 55, in inner
    response = get_response(request)
  File "/Library/Frameworks/Python.framework/Versions/3.9/lib/python3.9/site-packages/django/core/handlers/base.py", line 197, in _get_response
    response = wrapped_callback(request, *callback_args, **callback_kwargs)
  File "/Library/Frameworks/Python.framework/Versions/3.9/lib/python3.9/site-packages/django/views/generic/base.py", line 104, in view
    return self.dispatch(request, *args, **kwargs)
  File "/Library/Frameworks/Python.framework/Versions/3.9/lib/python3.9/site-packages/django/contrib/auth/mixins.py", line 73, in dispatch
    return super().dispatch(request, *args, **kwargs)
  File "/Library/Frameworks/Python.framework/Versions/3.9/lib/python3.9/site-packages/django/views/generic/base.py", line 143, in dispatch
    return handler(request, *args, **kwargs)
  File "/Library/Frameworks/Python.framework/Versions/3.9/lib/python3.9/site-packages/django/views/generic/edit.py", line 184, in post
    return super().post(request, *args, **kwargs)
  File "/Library/Frameworks/Python.framework/Versions/3.9/lib/python3.9/site-packages/django/views/generic/edit.py", line 153, in post
    return self.form_valid(form)
  File "/Users/arnavgupta/Desktop/itl/ITTL/apps/corecode/views.py", line 227, in form_valid
    staff = get_object_or_404(Staff, id=staff_id)
  File "/Library/Frameworks/Python.framework/Versions/3.9/lib/python3.9/site-packages/django/shortcuts.py", line 85, in get_object_or_404
    return queryset.get(*args, **kwargs)
  File "/Library/Frameworks/Python.framework/Versions/3.9/lib/python3.9/site-packages/django/db/models/query.py", line 623, in get
    clone = self._chain() if self.query.combinator else self.filter(*args, **kwargs)
  File "/Library/Frameworks/Python.framework/Versions/3.9/lib/python3.9/site-packages/django/db/models/query.py", line 1436, in filter
    return self._filter_or_exclude(False, args, kwargs)
  File "/Library/Frameworks/Python.framework/Versions/3.9/lib/python3.9/site-packages/django/db/models/query.py", line 1454, in _filter_or_exclude
    clone._filter_or_exclude_inplace(negate, args, kwargs)
  File "/Library/Frameworks/Python.framework/Versions/3.9/lib/python3.9/site-packages/django/db/models/query.py", line 1461, in _filter_or_exclude_inplace
    self._query.add_q(Q(*args, **kwargs))
  File "/Library/Frameworks/Python.framework/Versions/3.9/lib/python3.9/site-packages/django/db/models/sql/query.py", line 1546, in add_q
    clause, _ = self._add_q(q_object, self.used_aliases)
  File "/Library/Frameworks/Python.framework/Versions/3.9/lib/python3.9/site-packages/django/db/models/sql/query.py", line 1577, in _add_q
    child_clause, needed_inner = self.build_filter(
  File "/Library/Frameworks/Python.framework/Versions/3.9/lib/python3.9/site-packages/django/db/models/sql/query.py", line 1427, in build_filter
    lookups, parts, reffed_expression = self.solve_lookup_type(arg, summarize)
  File "/Library/Frameworks/Python.framework/Versions/3.9/lib/python3.9/site-packages/django/db/models/sql/query.py", line 1237, in solve_lookup_type
    _, field, _, lookup_parts = self.names_to_path(lookup_splitted, self.get_meta())
  File "/Library/Frameworks/Python.framework/Versions/3.9/lib/python3.9/site-packages/django/db/models/sql/query.py", line 1725, in names_to_path
    raise FieldError(
django.core.exceptions.FieldError: Cannot resolve keyword 'id' into field. Choices are: EmpId, address, current_status, date_of_admission, date_of_birth, firstname, gender, mobile_number, other_name, others, subject, surname
ERROR 2024-04-01 07:28:27,525 "POST /subject/create/ HTTP/1.1" 500 136785
INFO 2024-04-01 07:29:00,122 /Users/arnavgupta/Desktop/itl/ITTL/apps/corecode/views.py changed, reloading.
INFO 2024-04-01 07:29:01,077 Watching for file changes with StatReloader
WARNING 2024-04-01 07:29:02,818 Not Found: /subject/create/
WARNING 2024-04-01 07:29:02,819 "POST /subject/create/ HTTP/1.1" 404 5434
WARNING 2024-04-01 07:29:09,720 Not Found: /subject
WARNING 2024-04-01 07:29:09,721 "GET /subject HTTP/1.1" 404 6190
INFO 2024-04-01 07:29:11,799 "GET / HTTP/1.1" 200 8702
INFO 2024-04-01 07:29:13,615 "GET /subject/list/ HTTP/1.1" 200 13589
INFO 2024-04-01 07:29:17,392 "POST /subject/create/ HTTP/1.1" 200 9853
WARNING 2024-04-01 07:29:21,169 Not Found: /subject/create/
WARNING 2024-04-01 07:29:21,170 "POST /subject/create/ HTTP/1.1" 404 5434
INFO 2024-04-01 07:39:39,483 /Users/arnavgupta/Desktop/itl/ITTL/apps/corecode/views.py changed, reloading.
INFO 2024-04-01 07:39:40,357 Watching for file changes with StatReloader
WARNING 2024-04-01 07:41:19,421 Not Found: /subject/create/
WARNING 2024-04-01 07:41:19,422 "POST /subject/create/ HTTP/1.1" 404 5434
INFO 2024-04-01 07:41:49,645 /Users/arnavgupta/Desktop/itl/ITTL/apps/corecode/views.py changed, reloading.
INFO 2024-04-01 07:41:50,526 Watching for file changes with StatReloader
WARNING 2024-04-01 07:41:52,052 Not Found: /subject/create/
WARNING 2024-04-01 07:41:52,052 "POST /subject/create/ HTTP/1.1" 404 5434
WARNING 2024-04-01 07:41:56,532 Not Found: /subject/create/
WARNING 2024-04-01 07:41:56,533 "POST /subject/create/ HTTP/1.1" 404 5434
WARNING 2024-04-01 07:41:59,990 Not Found: /subject/create/
WARNING 2024-04-01 07:41:59,990 "POST /subject/create/ HTTP/1.1" 404 5434
INFO 2024-04-01 07:42:42,229 /Users/arnavgupta/Desktop/itl/ITTL/apps/corecode/views.py changed, reloading.
INFO 2024-04-01 07:42:43,219 Watching for file changes with StatReloader
INFO 2024-04-01 07:42:56,208 "GET / HTTP/1.1" 200 8702
INFO 2024-04-01 07:42:57,884 "GET /subject/list/ HTTP/1.1" 200 13589
INFO 2024-04-01 07:43:03,439 "POST /subject/create/ HTTP/1.1" 200 9853
WARNING 2024-04-01 07:43:06,018 Not Found: /subject/create/
WARNING 2024-04-01 07:43:06,019 "POST /subject/create/ HTTP/1.1" 404 5434
INFO 2024-04-01 07:44:06,541 /Users/arnavgupta/Desktop/itl/ITTL/apps/corecode/views.py changed, reloading.
INFO 2024-04-01 07:44:07,534 Watching for file changes with StatReloader
WARNING 2024-04-01 07:44:09,833 Not Found: /subject/create/
WARNING 2024-04-01 07:44:09,834 "POST /subject/create/ HTTP/1.1" 404 5434
INFO 2024-04-01 07:45:22,756 /Users/arnavgupta/Desktop/itl/ITTL/apps/corecode/views.py changed, reloading.
INFO 2024-04-01 07:45:23,701 Watching for file changes with StatReloader
INFO 2024-04-01 07:45:25,795 "POST /subject/create/ HTTP/1.1" 302 0
INFO 2024-04-01 07:45:25,834 "GET /subject/list/ HTTP/1.1" 200 14164
INFO 2024-04-01 07:45:30,470 "POST /subject/create/ HTTP/1.1" 200 9838
INFO 2024-04-01 07:45:33,491 "POST /subject/create/ HTTP/1.1" 302 0
INFO 2024-04-01 07:45:33,522 "GET /subject/list/ HTTP/1.1" 200 14596
INFO 2024-04-01 07:46:29,766 /Users/arnavgupta/Desktop/itl/ITTL/apps/corecode/views.py changed, reloading.
INFO 2024-04-01 07:46:30,726 Watching for file changes with StatReloader
INFO 2024-04-01 07:46:40,350 /Users/arnavgupta/Desktop/itl/ITTL/apps/corecode/views.py changed, reloading.
INFO 2024-04-01 07:46:41,213 Watching for file changes with StatReloader
INFO 2024-04-01 07:47:05,483 "GET /subject/list/ HTTP/1.1" 200 14451
INFO 2024-04-01 07:47:10,396 "POST /subject/create/ HTTP/1.1" 200 9838
ERROR 2024-04-01 07:47:14,456 Internal Server Error: /subject/create/
Traceback (most recent call last):
  File "/Library/Frameworks/Python.framework/Versions/3.9/lib/python3.9/site-packages/django/core/handlers/exception.py", line 55, in inner
    response = get_response(request)
  File "/Library/Frameworks/Python.framework/Versions/3.9/lib/python3.9/site-packages/django/core/handlers/base.py", line 197, in _get_response
    response = wrapped_callback(request, *callback_args, **callback_kwargs)
  File "/Library/Frameworks/Python.framework/Versions/3.9/lib/python3.9/site-packages/django/views/generic/base.py", line 104, in view
    return self.dispatch(request, *args, **kwargs)
  File "/Library/Frameworks/Python.framework/Versions/3.9/lib/python3.9/site-packages/django/contrib/auth/mixins.py", line 73, in dispatch
    return super().dispatch(request, *args, **kwargs)
  File "/Library/Frameworks/Python.framework/Versions/3.9/lib/python3.9/site-packages/django/views/generic/base.py", line 143, in dispatch
    return handler(request, *args, **kwargs)
  File "/Library/Frameworks/Python.framework/Versions/3.9/lib/python3.9/site-packages/django/views/generic/edit.py", line 184, in post
    return super().post(request, *args, **kwargs)
  File "/Library/Frameworks/Python.framework/Versions/3.9/lib/python3.9/site-packages/django/views/generic/edit.py", line 153, in post
    return self.form_valid(form)
  File "/Users/arnavgupta/Desktop/itl/ITTL/apps/corecode/views.py", line 226, in form_valid
    staff_member = get_object_or_404(Staff, EmpId=staff_emp_id)
NameError: name 'get_object_or_404' is not defined
ERROR 2024-04-01 07:47:14,459 "POST /subject/create/ HTTP/1.1" 500 87883
INFO 2024-04-01 07:47:42,274 /Users/arnavgupta/Desktop/itl/ITTL/apps/corecode/views.py changed, reloading.
INFO 2024-04-01 07:47:43,214 Watching for file changes with StatReloader
WARNING 2024-04-01 07:47:45,779 Not Found: /subject/create/
WARNING 2024-04-01 07:47:45,780 "POST /subject/create/ HTTP/1.1" 404 5434
INFO 2024-04-01 07:52:18,112 Watching for file changes with StatReloader
INFO 2024-04-01 07:52:19,795 "GET / HTTP/1.1" 200 8702
INFO 2024-04-01 07:52:21,157 "GET /subject/list/ HTTP/1.1" 200 14451
INFO 2024-04-01 07:52:27,770 "POST /subject/create/ HTTP/1.1" 200 9838
WARNING 2024-04-01 07:52:30,154 Not Found: /subject/create/
WARNING 2024-04-01 07:52:30,155 "POST /subject/create/ HTTP/1.1" 404 5434
INFO 2024-04-01 07:53:19,061 /Users/arnavgupta/Desktop/itl/ITTL/apps/corecode/views.py changed, reloading.
INFO 2024-04-01 07:53:19,704 Watching for file changes with StatReloader
INFO 2024-04-01 07:53:22,991 /Users/arnavgupta/Desktop/itl/ITTL/apps/corecode/views.py changed, reloading.
INFO 2024-04-01 07:53:23,622 Watching for file changes with StatReloader
INFO 2024-04-01 07:53:42,371 /Users/arnavgupta/Desktop/itl/ITTL/apps/corecode/views.py changed, reloading.
INFO 2024-04-01 07:53:43,042 Watching for file changes with StatReloader
INFO 2024-04-01 07:53:47,194 "GET /subject/list/ HTTP/1.1" 200 14451
INFO 2024-04-01 07:53:52,563 "POST /subject/create/ HTTP/1.1" 200 9838
WARNING 2024-04-01 07:53:56,993 Not Found: /subject/create/
WARNING 2024-04-01 07:53:56,994 "POST /subject/create/ HTTP/1.1" 404 5434
INFO 2024-04-01 08:08:09,883 "POST /subject/create/ HTTP/1.1" 200 9838
WARNING 2024-04-01 08:08:12,846 Not Found: /subject/create/
WARNING 2024-04-01 08:08:12,847 "POST /subject/create/ HTTP/1.1" 404 5434
INFO 2024-04-01 08:10:54,918 /Users/arnavgupta/Desktop/itl/ITTL/apps/corecode/views.py changed, reloading.
INFO 2024-04-01 08:10:55,866 Watching for file changes with StatReloader
WARNING 2024-04-01 08:11:00,607 Not Found: /subject/create/
WARNING 2024-04-01 08:11:00,607 "POST /subject/create/ HTTP/1.1" 404 5434
WARNING 2024-04-01 08:11:02,527 Not Found: /subject
WARNING 2024-04-01 08:11:02,528 "GET /subject HTTP/1.1" 404 6190
INFO 2024-04-01 08:11:04,736 "GET / HTTP/1.1" 200 8702
INFO 2024-04-01 08:11:06,048 "GET /subject/list/ HTTP/1.1" 200 14451
INFO 2024-04-01 08:11:09,301 "POST /subject/create/ HTTP/1.1" 200 9693
INFO 2024-04-01 08:11:42,437 /Users/arnavgupta/Desktop/itl/ITTL/apps/corecode/views.py changed, reloading.
INFO 2024-04-01 08:11:43,371 Watching for file changes with StatReloader
INFO 2024-04-01 08:11:47,685 "GET /subject/list/ HTTP/1.1" 200 14451
INFO 2024-04-01 08:11:52,678 "POST /subject/create/ HTTP/1.1" 200 9838
ERROR 2024-04-01 08:11:55,585 Internal Server Error: /subject/create/
Traceback (most recent call last):
  File "/Library/Frameworks/Python.framework/Versions/3.9/lib/python3.9/site-packages/django/core/handlers/exception.py", line 55, in inner
    response = get_response(request)
  File "/Library/Frameworks/Python.framework/Versions/3.9/lib/python3.9/site-packages/django/core/handlers/base.py", line 197, in _get_response
    response = wrapped_callback(request, *callback_args, **callback_kwargs)
  File "/Library/Frameworks/Python.framework/Versions/3.9/lib/python3.9/site-packages/django/views/generic/base.py", line 104, in view
    return self.dispatch(request, *args, **kwargs)
  File "/Library/Frameworks/Python.framework/Versions/3.9/lib/python3.9/site-packages/django/contrib/auth/mixins.py", line 73, in dispatch
    return super().dispatch(request, *args, **kwargs)
  File "/Library/Frameworks/Python.framework/Versions/3.9/lib/python3.9/site-packages/django/views/generic/base.py", line 143, in dispatch
    return handler(request, *args, **kwargs)
  File "/Library/Frameworks/Python.framework/Versions/3.9/lib/python3.9/site-packages/django/views/generic/edit.py", line 184, in post
    return super().post(request, *args, **kwargs)
  File "/Library/Frameworks/Python.framework/Versions/3.9/lib/python3.9/site-packages/django/views/generic/edit.py", line 153, in post
    return self.form_valid(form)
  File "/Users/arnavgupta/Desktop/itl/ITTL/apps/corecode/views.py", line 227, in form_valid
    staff_member = get_object_or_404(Staff, id=staff_id)
  File "/Library/Frameworks/Python.framework/Versions/3.9/lib/python3.9/site-packages/django/shortcuts.py", line 85, in get_object_or_404
    return queryset.get(*args, **kwargs)
  File "/Library/Frameworks/Python.framework/Versions/3.9/lib/python3.9/site-packages/django/db/models/query.py", line 623, in get
    clone = self._chain() if self.query.combinator else self.filter(*args, **kwargs)
  File "/Library/Frameworks/Python.framework/Versions/3.9/lib/python3.9/site-packages/django/db/models/query.py", line 1436, in filter
    return self._filter_or_exclude(False, args, kwargs)
  File "/Library/Frameworks/Python.framework/Versions/3.9/lib/python3.9/site-packages/django/db/models/query.py", line 1454, in _filter_or_exclude
    clone._filter_or_exclude_inplace(negate, args, kwargs)
  File "/Library/Frameworks/Python.framework/Versions/3.9/lib/python3.9/site-packages/django/db/models/query.py", line 1461, in _filter_or_exclude_inplace
    self._query.add_q(Q(*args, **kwargs))
  File "/Library/Frameworks/Python.framework/Versions/3.9/lib/python3.9/site-packages/django/db/models/sql/query.py", line 1546, in add_q
    clause, _ = self._add_q(q_object, self.used_aliases)
  File "/Library/Frameworks/Python.framework/Versions/3.9/lib/python3.9/site-packages/django/db/models/sql/query.py", line 1577, in _add_q
    child_clause, needed_inner = self.build_filter(
  File "/Library/Frameworks/Python.framework/Versions/3.9/lib/python3.9/site-packages/django/db/models/sql/query.py", line 1427, in build_filter
    lookups, parts, reffed_expression = self.solve_lookup_type(arg, summarize)
  File "/Library/Frameworks/Python.framework/Versions/3.9/lib/python3.9/site-packages/django/db/models/sql/query.py", line 1237, in solve_lookup_type
    _, field, _, lookup_parts = self.names_to_path(lookup_splitted, self.get_meta())
  File "/Library/Frameworks/Python.framework/Versions/3.9/lib/python3.9/site-packages/django/db/models/sql/query.py", line 1725, in names_to_path
    raise FieldError(
django.core.exceptions.FieldError: Cannot resolve keyword 'id' into field. Choices are: EmpId, address, current_status, date_of_admission, date_of_birth, firstname, gender, mobile_number, other_name, others, subject, surname
ERROR 2024-04-01 08:11:55,589 "POST /subject/create/ HTTP/1.1" 500 136837
INFO 2024-04-01 08:12:25,074 /Users/arnavgupta/Desktop/itl/ITTL/apps/corecode/views.py changed, reloading.
INFO 2024-04-01 08:12:26,088 Watching for file changes with StatReloader
WARNING 2024-04-01 08:12:30,727 Not Found: /subject/create/
WARNING 2024-04-01 08:12:30,728 "POST /subject/create/ HTTP/1.1" 404 5434
INFO 2024-04-01 08:12:54,329 /Users/arnavgupta/Desktop/itl/ITTL/apps/corecode/views.py changed, reloading.
INFO 2024-04-01 08:12:55,164 Watching for file changes with StatReloader
INFO 2024-04-01 08:13:02,698 /Users/arnavgupta/Desktop/itl/ITTL/apps/corecode/views.py changed, reloading.
INFO 2024-04-01 08:13:03,327 Watching for file changes with StatReloader
WARNING 2024-04-01 08:13:09,105 Not Found: /subject
WARNING 2024-04-01 08:13:09,105 "GET /subject HTTP/1.1" 404 6190
INFO 2024-04-01 08:13:11,273 "GET / HTTP/1.1" 200 8702
INFO 2024-04-01 08:13:12,413 "GET /subject/list/ HTTP/1.1" 200 14451
INFO 2024-04-01 08:13:14,610 "POST /subject/create/ HTTP/1.1" 200 9838
WARNING 2024-04-01 08:13:19,125 Not Found: /subject/create/
WARNING 2024-04-01 08:13:19,126 "POST /subject/create/ HTTP/1.1" 404 5434
INFO 2024-04-01 08:13:40,739 /Users/arnavgupta/Desktop/itl/ITTL/apps/corecode/views.py changed, reloading.
INFO 2024-04-01 08:13:41,768 Watching for file changes with StatReloader
INFO 2024-04-01 08:14:00,255 /Users/arnavgupta/Desktop/itl/ITTL/apps/corecode/views.py changed, reloading.
INFO 2024-04-01 08:14:00,864 Watching for file changes with StatReloader
WARNING 2024-04-01 08:14:06,003 Not Found: /subject/create/
WARNING 2024-04-01 08:14:06,004 "POST /subject/create/ HTTP/1.1" 404 5434
INFO 2024-04-01 08:14:07,926 "GET / HTTP/1.1" 200 8702
INFO 2024-04-01 08:14:09,119 "GET /subject/list/ HTTP/1.1" 200 14451
INFO 2024-04-01 08:14:13,514 "POST /subject/create/ HTTP/1.1" 200 9838
WARNING 2024-04-01 08:14:16,410 Not Found: /subject/create/
WARNING 2024-04-01 08:14:16,410 "POST /subject/create/ HTTP/1.1" 404 5434
INFO 2024-04-01 08:15:35,961 "GET / HTTP/1.1" 200 8702
INFO 2024-04-01 08:15:37,289 "GET /subject/list/ HTTP/1.1" 200 14449
INFO 2024-04-01 08:15:40,448 "POST /subject/create/ HTTP/1.1" 200 9838
WARNING 2024-04-01 08:15:44,614 Not Found: /subject/create/
WARNING 2024-04-01 08:15:44,614 "POST /subject/create/ HTTP/1.1" 404 5434
INFO 2024-04-01 08:18:00,761 /Users/arnavgupta/Desktop/itl/ITTL/apps/corecode/views.py changed, reloading.
INFO 2024-04-01 08:18:01,627 Watching for file changes with StatReloader
INFO 2024-04-01 08:18:07,356 "GET / HTTP/1.1" 200 8702
INFO 2024-04-01 08:18:08,663 "GET /subject/list/ HTTP/1.1" 200 14449
INFO 2024-04-01 08:18:12,733 "POST /subject/create/ HTTP/1.1" 200 9838
WARNING 2024-04-01 08:18:15,583 Not Found: /subject/create/
WARNING 2024-04-01 08:18:15,583 "POST /subject/create/ HTTP/1.1" 404 5434
INFO 2024-04-01 08:19:35,248 /Users/arnavgupta/Desktop/itl/ITTL/apps/corecode/views.py changed, reloading.
INFO 2024-04-01 08:19:36,143 Watching for file changes with StatReloader
INFO 2024-04-01 08:19:53,948 "POST /subject/create/ HTTP/1.1" 302 0
INFO 2024-04-01 08:19:53,997 "GET /subject/list/ HTTP/1.1" 200 15026
INFO 2024-04-01 08:20:00,551 "POST /subject/create/ HTTP/1.1" 200 9838
INFO 2024-04-01 08:20:03,294 "POST /subject/create/ HTTP/1.1" 302 0
INFO 2024-04-01 08:20:03,320 "GET /subject/list/ HTTP/1.1" 200 15456
INFO 2024-04-01 08:20:09,560 "POST /subject/create/ HTTP/1.1" 200 9838
INFO 2024-04-01 08:20:12,491 "POST /subject/create/ HTTP/1.1" 302 0
INFO 2024-04-01 08:20:12,516 "GET /subject/list/ HTTP/1.1" 200 15890
INFO 2024-04-01 08:20:34,424 /Users/arnavgupta/Desktop/itl/ITTL/apps/corecode/views.py changed, reloading.
INFO 2024-04-01 08:20:35,391 Watching for file changes with StatReloader
INFO 2024-04-01 08:20:41,852 "GET /subject/list/ HTTP/1.1" 200 15745
INFO 2024-04-01 08:20:45,717 "POST /subject/create/ HTTP/1.1" 200 9838
INFO 2024-04-01 08:20:50,081 "POST /subject/create/ HTTP/1.1" 302 0
INFO 2024-04-01 08:20:50,106 "GET /subject/list/ HTTP/1.1" 200 16319
INFO 2024-04-01 08:22:19,302 /Users/arnavgupta/Desktop/itl/ITTL/apps/corecode/views.py changed, reloading.
INFO 2024-04-01 08:22:20,239 Watching for file changes with StatReloader
INFO 2024-04-01 08:22:23,106 "GET /subject/list/ HTTP/1.1" 200 16174
INFO 2024-04-01 08:22:32,242 "POST /subject/create/ HTTP/1.1" 200 9838
WARNING 2024-04-01 08:22:36,458 Not Found: /subject/create/
WARNING 2024-04-01 08:22:36,459 "POST /subject/create/ HTTP/1.1" 404 5434
WARNING 2024-04-01 08:23:32,807 Not Found: /subject/create/
WARNING 2024-04-01 08:23:32,808 "POST /subject/create/ HTTP/1.1" 404 5434
INFO 2024-04-01 08:23:35,468 "GET / HTTP/1.1" 200 8702
INFO 2024-04-01 08:23:36,710 "GET /subject/list/ HTTP/1.1" 200 16174
INFO 2024-04-01 08:23:42,303 "POST /subject/create/ HTTP/1.1" 200 9830
WARNING 2024-04-01 08:23:44,542 Not Found: /subject/create/
WARNING 2024-04-01 08:23:44,543 "POST /subject/create/ HTTP/1.1" 404 5434
INFO 2024-04-01 08:24:29,925 /Users/arnavgupta/Desktop/itl/ITTL/apps/corecode/views.py changed, reloading.
INFO 2024-04-01 08:24:30,847 Watching for file changes with StatReloader
INFO 2024-04-01 08:24:50,454 /Users/arnavgupta/Desktop/itl/ITTL/apps/corecode/views.py changed, reloading.
INFO 2024-04-01 08:24:51,091 Watching for file changes with StatReloader
ERROR 2024-04-01 08:24:55,920 Internal Server Error: /subject/create/
Traceback (most recent call last):
  File "/Library/Frameworks/Python.framework/Versions/3.9/lib/python3.9/site-packages/django/core/handlers/exception.py", line 55, in inner
    response = get_response(request)
  File "/Library/Frameworks/Python.framework/Versions/3.9/lib/python3.9/site-packages/django/core/handlers/base.py", line 197, in _get_response
    response = wrapped_callback(request, *callback_args, **callback_kwargs)
  File "/Library/Frameworks/Python.framework/Versions/3.9/lib/python3.9/site-packages/django/views/generic/base.py", line 104, in view
    return self.dispatch(request, *args, **kwargs)
  File "/Library/Frameworks/Python.framework/Versions/3.9/lib/python3.9/site-packages/django/contrib/auth/mixins.py", line 73, in dispatch
    return super().dispatch(request, *args, **kwargs)
  File "/Library/Frameworks/Python.framework/Versions/3.9/lib/python3.9/site-packages/django/views/generic/base.py", line 143, in dispatch
    return handler(request, *args, **kwargs)
  File "/Library/Frameworks/Python.framework/Versions/3.9/lib/python3.9/site-packages/django/views/generic/edit.py", line 184, in post
    return super().post(request, *args, **kwargs)
  File "/Library/Frameworks/Python.framework/Versions/3.9/lib/python3.9/site-packages/django/views/generic/edit.py", line 153, in post
    return self.form_valid(form)
  File "/Users/arnavgupta/Desktop/itl/ITTL/apps/corecode/views.py", line 235, in form_valid
    staff_member = Staff.objects.get(EmpId=staff_emp_id)
  File "/Library/Frameworks/Python.framework/Versions/3.9/lib/python3.9/site-packages/django/db/models/manager.py", line 87, in manager_method
    return getattr(self.get_queryset(), name)(*args, **kwargs)
  File "/Library/Frameworks/Python.framework/Versions/3.9/lib/python3.9/site-packages/django/db/models/query.py", line 637, in get
    raise self.model.DoesNotExist(
apps.staffs.models.Staff.DoesNotExist: Staff matching query does not exist.
ERROR 2024-04-01 08:24:55,924 "POST /subject/create/ HTTP/1.1" 500 96896
WARNING 2024-04-01 08:25:07,427 Not Found: /subjec
WARNING 2024-04-01 08:25:07,428 "GET /subjec HTTP/1.1" 404 6187
INFO 2024-04-01 08:25:09,212 "GET /subject/list/ HTTP/1.1" 200 16174
INFO 2024-04-01 08:25:14,015 "POST /subject/create/ HTTP/1.1" 200 9830
ERROR 2024-04-01 08:25:17,712 Internal Server Error: /subject/create/
Traceback (most recent call last):
  File "/Library/Frameworks/Python.framework/Versions/3.9/lib/python3.9/site-packages/django/core/handlers/exception.py", line 55, in inner
    response = get_response(request)
  File "/Library/Frameworks/Python.framework/Versions/3.9/lib/python3.9/site-packages/django/core/handlers/base.py", line 197, in _get_response
    response = wrapped_callback(request, *callback_args, **callback_kwargs)
  File "/Library/Frameworks/Python.framework/Versions/3.9/lib/python3.9/site-packages/django/views/generic/base.py", line 104, in view
    return self.dispatch(request, *args, **kwargs)
  File "/Library/Frameworks/Python.framework/Versions/3.9/lib/python3.9/site-packages/django/contrib/auth/mixins.py", line 73, in dispatch
    return super().dispatch(request, *args, **kwargs)
  File "/Library/Frameworks/Python.framework/Versions/3.9/lib/python3.9/site-packages/django/views/generic/base.py", line 143, in dispatch
    return handler(request, *args, **kwargs)
  File "/Library/Frameworks/Python.framework/Versions/3.9/lib/python3.9/site-packages/django/views/generic/edit.py", line 184, in post
    return super().post(request, *args, **kwargs)
  File "/Library/Frameworks/Python.framework/Versions/3.9/lib/python3.9/site-packages/django/views/generic/edit.py", line 153, in post
    return self.form_valid(form)
  File "/Users/arnavgupta/Desktop/itl/ITTL/apps/corecode/views.py", line 235, in form_valid
    staff_member = Staff.objects.get(EmpId=staff_emp_id)
  File "/Library/Frameworks/Python.framework/Versions/3.9/lib/python3.9/site-packages/django/db/models/manager.py", line 87, in manager_method
    return getattr(self.get_queryset(), name)(*args, **kwargs)
  File "/Library/Frameworks/Python.framework/Versions/3.9/lib/python3.9/site-packages/django/db/models/query.py", line 637, in get
    raise self.model.DoesNotExist(
apps.staffs.models.Staff.DoesNotExist: Staff matching query does not exist.
ERROR 2024-04-01 08:25:17,713 "POST /subject/create/ HTTP/1.1" 500 96901
INFO 2024-04-01 08:26:13,517 /Users/arnavgupta/Desktop/itl/ITTL/apps/corecode/views.py changed, reloading.
INFO 2024-04-01 08:26:14,432 Watching for file changes with StatReloader
INFO 2024-04-01 08:27:04,838 /Users/arnavgupta/Desktop/itl/ITTL/apps/corecode/views.py changed, reloading.
INFO 2024-04-01 08:27:05,456 Watching for file changes with StatReloader
INFO 2024-04-01 08:27:10,868 "GET /subject/list/ HTTP/1.1" 200 16174
INFO 2024-04-01 08:27:15,390 "POST /subject/create/ HTTP/1.1" 200 9830
ERROR 2024-04-01 08:27:18,357 Internal Server Error: /subject/create/
Traceback (most recent call last):
  File "/Users/arnavgupta/Desktop/itl/ITTL/apps/corecode/views.py", line 237, in form_valid
    staff_member = Staff.objects.get(EmpId=staff_emp_id)
  File "/Library/Frameworks/Python.framework/Versions/3.9/lib/python3.9/site-packages/django/db/models/manager.py", line 87, in manager_method
    return getattr(self.get_queryset(), name)(*args, **kwargs)
  File "/Library/Frameworks/Python.framework/Versions/3.9/lib/python3.9/site-packages/django/db/models/query.py", line 637, in get
    raise self.model.DoesNotExist(
apps.staffs.models.Staff.DoesNotExist: Staff matching query does not exist.

During handling of the above exception, another exception occurred:

Traceback (most recent call last):
  File "/Library/Frameworks/Python.framework/Versions/3.9/lib/python3.9/site-packages/django/core/handlers/exception.py", line 55, in inner
    response = get_response(request)
  File "/Library/Frameworks/Python.framework/Versions/3.9/lib/python3.9/site-packages/django/core/handlers/base.py", line 197, in _get_response
    response = wrapped_callback(request, *callback_args, **callback_kwargs)
  File "/Library/Frameworks/Python.framework/Versions/3.9/lib/python3.9/site-packages/django/views/generic/base.py", line 104, in view
    return self.dispatch(request, *args, **kwargs)
  File "/Library/Frameworks/Python.framework/Versions/3.9/lib/python3.9/site-packages/django/contrib/auth/mixins.py", line 73, in dispatch
    return super().dispatch(request, *args, **kwargs)
  File "/Library/Frameworks/Python.framework/Versions/3.9/lib/python3.9/site-packages/django/views/generic/base.py", line 143, in dispatch
    return handler(request, *args, **kwargs)
  File "/Library/Frameworks/Python.framework/Versions/3.9/lib/python3.9/site-packages/django/views/generic/edit.py", line 184, in post
    return super().post(request, *args, **kwargs)
  File "/Library/Frameworks/Python.framework/Versions/3.9/lib/python3.9/site-packages/django/views/generic/edit.py", line 153, in post
    return self.form_valid(form)
  File "/Users/arnavgupta/Desktop/itl/ITTL/apps/corecode/views.py", line 239, in form_valid
    except ObjectDoesNotExist:
NameError: name 'ObjectDoesNotExist' is not defined
ERROR 2024-04-01 08:27:18,361 "POST /subject/create/ HTTP/1.1" 500 101597
INFO 2024-04-01 08:28:53,638 /Users/arnavgupta/Desktop/itl/ITTL/apps/corecode/views.py changed, reloading.
INFO 2024-04-01 08:28:54,733 Watching for file changes with StatReloader
INFO 2024-04-01 08:28:59,517 "POST /subject/create/ HTTP/1.1" 302 0
INFO 2024-04-01 08:28:59,556 "GET /subject/list/ HTTP/1.1" 200 16751
INFO 2024-04-01 08:29:02,601 "GET /subject/6/delete/ HTTP/1.1" 200 9387
INFO 2024-04-01 08:29:03,727 "POST /subject/6/delete/ HTTP/1.1" 302 0
INFO 2024-04-01 08:29:03,751 "GET /subject/list/ HTTP/1.1" 200 16179
INFO 2024-04-01 08:29:04,881 "GET /subject/7/delete/ HTTP/1.1" 200 9391
INFO 2024-04-01 08:29:05,687 "POST /subject/7/delete/ HTTP/1.1" 302 0
INFO 2024-04-01 08:29:05,721 "GET /subject/list/ HTTP/1.1" 200 15750
INFO 2024-04-01 08:29:07,404 "GET /subject/17/delete/ HTTP/1.1" 200 9397
INFO 2024-04-01 08:29:08,149 "POST /subject/17/delete/ HTTP/1.1" 302 0
INFO 2024-04-01 08:29:08,174 "GET /subject/list/ HTTP/1.1" 200 15316
INFO 2024-04-01 08:29:09,118 "GET /subject/19/delete/ HTTP/1.1" 200 9393
INFO 2024-04-01 08:29:09,838 "POST /subject/19/delete/ HTTP/1.1" 302 0
INFO 2024-04-01 08:29:09,863 "GET /subject/list/ HTTP/1.1" 200 14884
INFO 2024-04-01 08:29:11,202 "GET /subject/13/delete/ HTTP/1.1" 200 9389
INFO 2024-04-01 08:29:12,046 "POST /subject/13/delete/ HTTP/1.1" 302 0
INFO 2024-04-01 08:29:12,070 "GET /subject/list/ HTTP/1.1" 200 14454
INFO 2024-04-01 08:29:13,131 "GET /subject/14/delete/ HTTP/1.1" 200 9393
INFO 2024-04-01 08:29:13,821 "POST /subject/14/delete/ HTTP/1.1" 302 0
INFO 2024-04-01 08:29:13,844 "GET /subject/list/ HTTP/1.1" 200 14022
INFO 2024-04-01 08:29:14,966 "GET /subject/18/delete/ HTTP/1.1" 200 9387
INFO 2024-04-01 08:29:15,756 "POST /subject/18/delete/ HTTP/1.1" 302 0
INFO 2024-04-01 08:29:15,782 "GET /subject/list/ HTTP/1.1" 200 13593
INFO 2024-04-01 08:29:16,947 "GET /subject/8/delete/ HTTP/1.1" 200 9395
INFO 2024-04-01 08:29:17,684 "POST /subject/8/delete/ HTTP/1.1" 302 0
INFO 2024-04-01 08:29:17,714 "GET /subject/list/ HTTP/1.1" 200 13162
INFO 2024-04-01 08:29:20,114 "POST /subject/create/ HTTP/1.1" 200 9830
INFO 2024-04-01 08:29:24,137 "POST /subject/create/ HTTP/1.1" 200 9857
INFO 2024-04-01 08:29:28,113 "POST /subject/create/ HTTP/1.1" 302 0
INFO 2024-04-01 08:29:28,141 "GET /subject/list/ HTTP/1.1" 200 13738
INFO 2024-04-01 08:36:54,363 /Users/arnavgupta/Desktop/itl/ITTL/apps/corecode/forms.py changed, reloading.
INFO 2024-04-01 08:36:55,428 Watching for file changes with StatReloader
INFO 2024-04-01 08:37:32,357 /Users/arnavgupta/Desktop/itl/ITTL/apps/corecode/forms.py changed, reloading.
INFO 2024-04-01 08:37:32,977 Watching for file changes with StatReloader
INFO 2024-04-01 08:38:00,652 /Users/arnavgupta/Desktop/itl/ITTL/apps/corecode/forms.py changed, reloading.
INFO 2024-04-01 08:38:01,262 Watching for file changes with StatReloader
INFO 2024-04-01 08:39:00,709 "GET /staff/list/ HTTP/1.1" 200 9562
INFO 2024-04-01 08:39:27,299 "GET /staff/create/ HTTP/1.1" 200 12263
INFO 2024-04-01 08:39:30,564 "GET /staff/list/ HTTP/1.1" 200 9562
INFO 2024-04-01 08:39:56,953 "GET /subject/list/ HTTP/1.1" 200 13593
INFO 2024-04-01 08:58:59,348 Watching for file changes with StatReloader
INFO 2024-04-01 08:59:05,509 "GET /staff/list/ HTTP/1.1" 200 9562
INFO 2024-04-01 08:59:07,291 "GET /staff/list/ HTTP/1.1" 200 9562
INFO 2024-04-01 08:59:11,403 "GET /subject/list/ HTTP/1.1" 200 13593
INFO 2024-04-01 08:59:18,406 "POST /subject/create/ HTTP/1.1" 200 9830
INFO 2024-04-01 08:59:23,045 "POST /subject/create/ HTTP/1.1" 302 0
INFO 2024-04-01 08:59:23,069 "GET /subject/list/ HTTP/1.1" 200 14171
INFO 2024-04-01 09:05:15,153 "POST /subject/create/ HTTP/1.1" 200 9830
INFO 2024-04-01 09:05:19,202 "POST /subject/create/ HTTP/1.1" 302 0
INFO 2024-04-01 09:05:19,226 "GET /subject/list/ HTTP/1.1" 200 14604
INFO 2024-04-01 09:05:22,400 "GET /student/list HTTP/1.1" 200 9903
INFO 2024-04-01 09:05:22,918 "GET /staff/list/ HTTP/1.1" 200 9562
INFO 2024-04-01 09:05:24,678 "GET /staff/create/ HTTP/1.1" 200 12263
INFO 2024-04-01 09:05:32,888 "POST /staff/create/ HTTP/1.1" 302 0
INFO 2024-04-01 09:05:32,922 "GET /staff/12121/ HTTP/1.1" 200 10217
INFO 2024-04-01 09:05:34,290 "GET /staff/12121/delete/ HTTP/1.1" 200 8991
INFO 2024-04-01 09:05:35,444 "GET /subject/list/ HTTP/1.1" 200 14459
INFO 2024-04-01 09:05:38,679 "POST /subject/create/ HTTP/1.1" 200 9900
INFO 2024-04-01 09:05:51,649 "POST /subject/create/ HTTP/1.1" 302 0
INFO 2024-04-01 09:05:51,675 "GET /subject/list/ HTTP/1.1" 200 15034
INFO 2024-04-01 09:11:24,242 /Users/arnavgupta/Desktop/itl/ITTL/apps/corecode/views.py changed, reloading.
INFO 2024-04-01 09:11:25,141 Watching for file changes with StatReloader
INFO 2024-04-01 09:11:34,772 /Users/arnavgupta/Desktop/itl/ITTL/apps/corecode/views.py changed, reloading.
INFO 2024-04-01 09:11:35,382 Watching for file changes with StatReloader
INFO 2024-04-01 09:11:38,800 /Users/arnavgupta/Desktop/itl/ITTL/apps/corecode/views.py changed, reloading.
INFO 2024-04-01 09:11:39,419 Watching for file changes with StatReloader
INFO 2024-04-01 09:11:43,866 /Users/arnavgupta/Desktop/itl/ITTL/apps/corecode/views.py changed, reloading.
INFO 2024-04-01 09:11:44,475 Watching for file changes with StatReloader
INFO 2024-04-01 09:11:49,425 "GET /subject/list/ HTTP/1.1" 200 14889
INFO 2024-04-01 09:11:54,841 "POST /subject/create/ HTTP/1.1" 200 9900
INFO 2024-04-01 09:11:57,462 "POST /subject/create/ HTTP/1.1" 302 0
INFO 2024-04-01 09:11:57,488 "GET /subject/list/ HTTP/1.1" 200 15475
INFO 2024-04-01 09:14:27,113 "GET /subject/21/delete/ HTTP/1.1" 200 9395
INFO 2024-04-01 09:14:28,254 "POST /subject/21/delete/ HTTP/1.1" 302 0
INFO 2024-04-01 09:14:28,279 "GET /subject/list/ HTTP/1.1" 200 14897
INFO 2024-04-01 09:14:29,330 "GET /subject/23/delete/ HTTP/1.1" 200 9389
INFO 2024-04-01 09:14:29,982 "POST /subject/23/delete/ HTTP/1.1" 302 0
INFO 2024-04-01 09:14:30,010 "GET /subject/list/ HTTP/1.1" 200 14467
INFO 2024-04-01 09:14:31,636 "GET /subject/22/delete/ HTTP/1.1" 200 9395
INFO 2024-04-01 09:14:32,491 "POST /subject/22/delete/ HTTP/1.1" 302 0
INFO 2024-04-01 09:14:32,517 "GET /subject/list/ HTTP/1.1" 200 14034
INFO 2024-04-01 09:14:33,583 "GET /subject/9/delete/ HTTP/1.1" 200 9397
INFO 2024-04-01 09:14:34,452 "POST /subject/9/delete/ HTTP/1.1" 302 0
INFO 2024-04-01 09:14:34,475 "GET /subject/list/ HTTP/1.1" 200 13602
INFO 2024-04-01 09:14:35,503 "GET /subject/12/delete/ HTTP/1.1" 200 9387
INFO 2024-04-01 09:14:36,322 "POST /subject/12/delete/ HTTP/1.1" 302 0
INFO 2024-04-01 09:14:36,347 "GET /subject/list/ HTTP/1.1" 200 13173
INFO 2024-04-01 09:14:37,380 "GET /subject/11/delete/ HTTP/1.1" 200 9385
INFO 2024-04-01 09:14:38,090 "POST /subject/11/delete/ HTTP/1.1" 302 0
INFO 2024-04-01 09:14:38,113 "GET /subject/list/ HTTP/1.1" 200 12745
INFO 2024-04-01 09:14:39,025 "GET /subject/10/delete/ HTTP/1.1" 200 9387
INFO 2024-04-01 09:14:39,706 "POST /subject/10/delete/ HTTP/1.1" 302 0
INFO 2024-04-01 09:14:39,730 "GET /subject/list/ HTTP/1.1" 200 12316
INFO 2024-04-01 09:14:40,864 "GET /subject/16/delete/ HTTP/1.1" 200 9389
INFO 2024-04-01 09:14:41,713 "POST /subject/16/delete/ HTTP/1.1" 302 0
INFO 2024-04-01 09:14:41,849 "GET /subject/list/ HTTP/1.1" 200 11886
INFO 2024-04-01 09:14:42,727 "GET /subject/20/delete/ HTTP/1.1" 200 9391
INFO 2024-04-01 09:14:43,561 "POST /subject/20/delete/ HTTP/1.1" 302 0
INFO 2024-04-01 09:14:43,582 "GET /subject/list/ HTTP/1.1" 200 11455
INFO 2024-04-01 09:14:44,579 "GET /subject/15/delete/ HTTP/1.1" 200 9393
INFO 2024-04-01 09:14:45,242 "POST /subject/15/delete/ HTTP/1.1" 302 0
INFO 2024-04-01 09:14:45,263 "GET /subject/list/ HTTP/1.1" 200 11023
INFO 2024-04-01 09:15:27,205 "GET /subject/list/ HTTP/1.1" 200 11054
INFO 2024-04-01 09:15:44,707 "GET /subject/list/ HTTP/1.1" 200 11054
INFO 2024-04-01 09:15:51,896 "GET /subject/24/delete/ HTTP/1.1" 200 9391
INFO 2024-04-01 09:15:53,844 "POST /subject/24/delete/ HTTP/1.1" 302 0
INFO 2024-04-01 09:15:53,863 "GET /subject/list/ HTTP/1.1" 200 10613
INFO 2024-04-01 09:15:55,041 "GET /staff/list/ HTTP/1.1" 200 9781
INFO 2024-04-01 09:15:58,137 "GET /staff/1200/ HTTP/1.1" 200 10077
INFO 2024-04-01 09:15:59,495 "GET /staff/1200/delete/ HTTP/1.1" 200 8995
INFO 2024-04-01 09:16:00,352 "POST /staff/1200/delete/ HTTP/1.1" 302 0
INFO 2024-04-01 09:16:00,371 "GET /staff/list/ HTTP/1.1" 200 9560
INFO 2024-04-01 09:16:01,257 "GET /staff/22/ HTTP/1.1" 200 10074
INFO 2024-04-01 09:16:02,387 "GET /staff/22/delete/ HTTP/1.1" 200 8996
INFO 2024-04-01 09:16:03,336 "POST /staff/22/delete/ HTTP/1.1" 302 0
INFO 2024-04-01 09:16:03,354 "GET /staff/list/ HTTP/1.1" 200 9342
INFO 2024-04-01 09:16:04,256 "GET /staff/12121/ HTTP/1.1" 200 10074
INFO 2024-04-01 09:16:05,375 "GET /staff/12121/delete/ HTTP/1.1" 200 8991
INFO 2024-04-01 09:16:06,418 "POST /staff/12121/delete/ HTTP/1.1" 302 0
INFO 2024-04-01 09:16:06,437 "GET /staff/list/ HTTP/1.1" 200 9123
INFO 2024-04-01 09:16:07,290 "GET /student/list HTTP/1.1" 200 9903
INFO 2024-04-01 09:16:17,494 "GET /subject/list/ HTTP/1.1" 200 10613
INFO 2024-04-01 09:16:21,498 "GET /staff/list/ HTTP/1.1" 200 9123
INFO 2024-04-01 09:16:23,509 "GET /subject/list/ HTTP/1.1" 200 10613
INFO 2024-04-01 09:16:27,273 "GET /subject/list/ HTTP/1.1" 200 10613
INFO 2024-04-01 09:16:28,879 "GET /staff/list/ HTTP/1.1" 200 9123
INFO 2024-04-01 09:16:30,327 "GET /staff/create/ HTTP/1.1" 200 12263
INFO 2024-04-01 09:16:38,741 "POST /staff/create/ HTTP/1.1" 302 0
INFO 2024-04-01 09:16:38,764 "GET /staff/9090/ HTTP/1.1" 200 10218
INFO 2024-04-01 09:16:40,407 "GET /subject/list/ HTTP/1.1" 200 10613
INFO 2024-04-01 09:16:43,164 "POST /subject/create/ HTTP/1.1" 200 9766
INFO 2024-04-01 09:16:51,561 "POST /subject/create/ HTTP/1.1" 302 0
INFO 2024-04-01 09:16:51,586 "GET /subject/list/ HTTP/1.1" 200 11200
INFO 2024-04-01 09:33:05,682 "GET /student/list HTTP/1.1" 200 9903
INFO 2024-04-01 09:33:06,958 "GET /staff/list/ HTTP/1.1" 200 9343
INFO 2024-04-01 09:33:07,853 "GET /subject/list/ HTTP/1.1" 200 11055
INFO 2024-04-01 09:33:14,356 "GET /subject/list/ HTTP/1.1" 200 11055
INFO 2024-04-01 09:33:23,510 "POST /subject/create/ HTTP/1.1" 200 9766
INFO 2024-04-01 09:33:29,257 "POST /subject/create/ HTTP/1.1" 302 0
INFO 2024-04-01 09:33:29,285 "GET /subject/list/ HTTP/1.1" 200 11641
INFO 2024-04-01 09:35:00,590 "GET /result/create/ HTTP/1.1" 200 10149
INFO 2024-04-01 09:35:06,537 "POST /result/create/ HTTP/1.1" 200 10230
INFO 2024-04-01 09:35:15,248 "POST /result/create/ HTTP/1.1" 302 0
INFO 2024-04-01 09:35:15,284 "GET /result/edit-results/ HTTP/1.1" 200 9516
INFO 2024-04-01 09:35:16,877 "POST /result/edit-results/ HTTP/1.1" 302 0
INFO 2024-04-01 09:35:16,910 "GET /result/edit-results/ HTTP/1.1" 200 9659
INFO 2024-04-01 09:35:19,017 "GET /result/view/all HTTP/1.1" 200 8246
INFO 2024-04-01 09:35:20,438 "GET /result/view/all HTTP/1.1" 200 8246
INFO 2024-04-01 09:35:24,539 "GET /result/edit-results/ HTTP/1.1" 200 9516
INFO 2024-04-01 09:35:25,857 "GET /result/create/ HTTP/1.1" 200 10149
INFO 2024-04-01 09:35:27,347 "GET /result/view/all HTTP/1.1" 200 8246
INFO 2024-04-01 09:35:28,236 "GET /result/create/ HTTP/1.1" 200 10149
INFO 2024-04-01 09:35:31,149 "POST /result/create/ HTTP/1.1" 200 10230
INFO 2024-04-01 09:35:33,904 "POST /result/create/ HTTP/1.1" 302 0
INFO 2024-04-01 09:35:33,933 "GET /result/edit-results/ HTTP/1.1" 200 9516
INFO 2024-04-01 09:35:35,917 "POST /result/edit-results/ HTTP/1.1" 302 0
INFO 2024-04-01 09:35:35,945 "GET /result/edit-results/ HTTP/1.1" 200 9659
INFO 2024-04-01 09:35:39,197 "GET /result/view/all HTTP/1.1" 200 8246
INFO 2024-04-01 09:35:40,176 "GET /result/edit-results/ HTTP/1.1" 200 9516
INFO 2024-04-01 09:35:41,426 "GET /result/view/all HTTP/1.1" 200 8246
INFO 2024-04-01 09:35:42,080 "GET /result/create/ HTTP/1.1" 200 10149
INFO 2024-04-01 09:35:55,150 "GET /result/view/all HTTP/1.1" 200 8246
INFO 2024-04-01 09:35:56,222 "GET /result/edit-results/ HTTP/1.1" 200 9516
INFO 2024-04-01 09:35:56,644 "GET /result/create/ HTTP/1.1" 200 10149
INFO 2024-04-01 09:36:36,768 "POST /result/create/ HTTP/1.1" 200 10230
INFO 2024-04-01 09:36:47,039 "GET /result/create/ HTTP/1.1" 200 10149
INFO 2024-04-01 09:37:34,753 "GET /subject/list/ HTTP/1.1" 200 11496
INFO 2024-04-01 09:38:06,258 "GET /student/list HTTP/1.1" 200 9903
INFO 2024-04-01 09:39:20,791 "GET /accounts/logout/ HTTP/1.1" 302 0
INFO 2024-04-01 09:39:20,800 "GET / HTTP/1.1" 302 0
INFO 2024-04-01 09:39:20,819 "GET /accounts/login/?next=/ HTTP/1.1" 200 3981
INFO 2024-04-01 09:39:27,721 "POST /accounts/login/ HTTP/1.1" 302 0
INFO 2024-04-01 09:39:27,742 "GET / HTTP/1.1" 200 8702
INFO 2024-04-01 09:41:46,425 "GET /accounts/logout/ HTTP/1.1" 302 0
INFO 2024-04-01 09:41:46,433 "GET / HTTP/1.1" 302 0
INFO 2024-04-01 09:41:46,446 "GET /accounts/login/?next=/ HTTP/1.1" 200 3981
INFO 2024-04-01 09:42:37,720 "POST /accounts/login/ HTTP/1.1" 302 0
INFO 2024-04-01 09:42:37,740 "GET / HTTP/1.1" 200 8702
INFO 2024-04-01 09:42:45,735 "GET /finance/list/ HTTP/1.1" 200 9337
INFO 2024-04-01 09:42:53,497 "GET /finance/create/ HTTP/1.1" 200 12803
INFO 2024-04-01 09:43:06,903 "POST /finance/create/ HTTP/1.1" 302 0
INFO 2024-04-01 09:43:06,950 "GET /finance/list HTTP/1.1" 301 0
INFO 2024-04-01 09:43:06,983 "GET /finance/list/ HTTP/1.1" 200 9756
INFO 2024-04-01 09:43:11,329 "GET /finance/bulk-invoice/ HTTP/1.1" 200 8703
INFO 2024-04-01 09:43:14,456 "GET /result/create/ HTTP/1.1" 200 10149
INFO 2024-04-01 09:43:18,182 "GET /finance/list/ HTTP/1.1" 200 9756
INFO 2024-04-01 09:43:26,529 - Broken pipe from ('127.0.0.1', 50593)
INFO 2024-04-01 09:43:26,546 "GET /finance/receipt/create?invoice=1 HTTP/1.1" 200 10250
INFO 2024-04-01 09:43:30,036 "GET /finance/list/ HTTP/1.1" 200 9756
INFO 2024-04-01 09:43:37,691 "GET /finance/1/detail/ HTTP/1.1" 200 10250
INFO 2024-04-01 09:43:39,622 "GET /finance/1/delete/ HTTP/1.1" 200 9019
INFO 2024-04-01 09:43:40,864 "POST /finance/1/delete/ HTTP/1.1" 302 0
INFO 2024-04-01 09:43:40,889 "GET /finance/list/ HTTP/1.1" 200 9337
INFO 2024-04-01 09:43:42,542 "GET /result/create/ HTTP/1.1" 200 10149
INFO 2024-04-01 09:43:47,920 "GET /subject/list/ HTTP/1.1" 200 11496
INFO 2024-04-01 09:43:48,553 "GET /staff/list/ HTTP/1.1" 200 9343
INFO 2024-04-01 09:43:49,022 "GET /student/list HTTP/1.1" 200 9903
INFO 2024-04-01 09:44:19,028 "GET /subject/list/ HTTP/1.1" 200 11496
ERROR 2024-04-01 09:44:33,057 Internal Server Error: /subject/26/update/
Traceback (most recent call last):
  File "/Library/Frameworks/Python.framework/Versions/3.9/lib/python3.9/site-packages/django/core/handlers/exception.py", line 55, in inner
    response = get_response(request)
  File "/Library/Frameworks/Python.framework/Versions/3.9/lib/python3.9/site-packages/django/core/handlers/base.py", line 197, in _get_response
    response = wrapped_callback(request, *callback_args, **callback_kwargs)
  File "/Library/Frameworks/Python.framework/Versions/3.9/lib/python3.9/site-packages/django/views/generic/base.py", line 104, in view
    return self.dispatch(request, *args, **kwargs)
  File "/Library/Frameworks/Python.framework/Versions/3.9/lib/python3.9/site-packages/django/contrib/auth/mixins.py", line 73, in dispatch
    return super().dispatch(request, *args, **kwargs)
  File "/Library/Frameworks/Python.framework/Versions/3.9/lib/python3.9/site-packages/django/views/generic/base.py", line 143, in dispatch
    return handler(request, *args, **kwargs)
  File "/Library/Frameworks/Python.framework/Versions/3.9/lib/python3.9/site-packages/django/views/generic/edit.py", line 204, in get
    return super().get(request, *args, **kwargs)
  File "/Library/Frameworks/Python.framework/Versions/3.9/lib/python3.9/site-packages/django/views/generic/edit.py", line 144, in get
    return self.render_to_response(self.get_context_data())
  File "/Library/Frameworks/Python.framework/Versions/3.9/lib/python3.9/site-packages/django/views/generic/edit.py", line 74, in get_context_data
    kwargs["form"] = self.get_form()
  File "/Library/Frameworks/Python.framework/Versions/3.9/lib/python3.9/site-packages/django/views/generic/edit.py", line 38, in get_form
    form_class = self.get_form_class()
  File "/Library/Frameworks/Python.framework/Versions/3.9/lib/python3.9/site-packages/django/views/generic/edit.py", line 86, in get_form_class
    raise ImproperlyConfigured(
django.core.exceptions.ImproperlyConfigured: Specifying both 'fields' and 'form_class' is not permitted.
ERROR 2024-04-01 09:44:33,059 "GET /subject/26/update/ HTTP/1.1" 500 95006
INFO 2024-04-01 09:45:25,097 "GET /staff/list/ HTTP/1.1" 200 9343
INFO 2024-04-01 09:45:25,844 "GET /student/list HTTP/1.1" 200 9903
INFO 2024-04-01 09:45:26,958 "GET /staff/list/ HTTP/1.1" 200 9343
INFO 2024-04-01 09:45:27,959 "GET /subject/list/ HTTP/1.1" 200 11496
INFO 2024-04-01 09:45:29,175 "GET /result/create/ HTTP/1.1" 200 10149
INFO 2024-04-01 09:45:29,716 "GET /result/edit-results/ HTTP/1.1" 200 9516
INFO 2024-04-01 09:45:30,382 "GET /result/view/all HTTP/1.1" 200 8246
INFO 2024-04-01 09:45:32,157 "GET /student/list HTTP/1.1" 200 9903
INFO 2024-04-01 09:46:16,045 "GET /result/create/ HTTP/1.1" 200 10149
INFO 2024-04-01 09:46:27,513 "POST /result/create/ HTTP/1.1" 200 10230
INFO 2024-04-01 09:46:33,991 "GET /result/create/ HTTP/1.1" 200 10149
INFO 2024-04-01 09:47:03,049 Watching for file changes with StatReloader
INFO 2024-04-01 09:47:05,100 "GET /result/create/ HTTP/1.1" 200 10149
INFO 2024-04-01 09:47:09,408 "POST /result/create/ HTTP/1.1" 200 10230
INFO 2024-04-01 09:47:22,196 "GET /result/create/ HTTP/1.1" 200 10149
INFO 2024-04-01 09:47:26,405 "POST /result/create/ HTTP/1.1" 200 10230
INFO 2024-04-01 09:48:04,073 "GET /subject/list/ HTTP/1.1" 200 11496
